{"file":"E:\\projects\\auth_app\\src\\modules\\permission\\domain\\permission.factory.ts","is_success":false,"level":"error","message":"Name must be at least 3 characters long","method":"POST","statusCode":400,"timestamp":"2023-08-12T20:11:15.500Z","url":"/permissions/add"}
{"file":"E:\\projects\\auth_app\\src\\modules\\permission\\domain\\permission.factory.ts","is_success":false,"level":"error","message":"Name must be at least 3 characters long","method":"POST","statusCode":400,"timestamp":"2023-08-12T22:11:35.917Z","url":"/permissions/add"}
{"file":"E:\\projects\\auth_app\\src\\modules\\permission\\domain\\permission.factory.ts","is_success":false,"level":"error","message":"Name must be at least 3 characters long","method":"POST","statusCode":400,"timestamp":"2023-08-12T22:17:33.260Z","url":"/permissions/add"}
{"file":"E:\\projects\\auth_app\\src\\modules\\permission\\domain\\permission.factory.ts","is_success":false,"level":"error","message":"Name must be at least 3 characters long","method":"POST","statusCode":400,"timestamp":"2023-08-12T22:20:44.650Z","url":"/permissions/add"}
{"file":"E:\\projects\\auth_app\\src\\modules\\permission\\domain\\permission.factory.ts","is_success":false,"level":"error","message":"Name must be at least 3 characters long","method":"POST","statusCode":400,"timestamp":"2023-08-12T22:21:37.342Z","url":"/permissions/add"}
{"file":"E:\\projects\\auth_app\\src\\modules\\permission\\domain\\permission.factory.ts","is_success":false,"level":"error","message":"Name must be at least 3 characters long","method":"POST","statusCode":400,"timestamp":"2023-08-12T22:21:52.100Z","url":"/permissions/add"}
{"file":"E:\\projects\\auth_app\\src\\modules\\permission\\domain\\permission.factory.ts","is_success":false,"level":"error","message":"Name must be at least 3 characters long","method":"POST","statusCode":400,"timestamp":"2023-08-12T22:23:14.954Z","url":"/permissions/add"}
{"file":"E:\\projects\\auth_app\\src\\modules\\permission\\domain\\permission.factory.ts","is_success":false,"level":"error","message":"Name must be at least 3 characters long","method":"POST","statusCode":400,"timestamp":"2023-08-12T22:23:24.834Z","url":"/permissions/add"}
{"file":"E:\\projects\\auth_app\\src\\modules\\permission\\domain\\permission.factory.ts","is_success":false,"level":"error","message":"Name must be at least 3 characters long","method":"POST","statusCode":400,"timestamp":"2023-08-12T22:44:12.588Z","url":"/permissions/add"}
{"file":"E:\\projects\\auth_app\\src\\modules\\permission\\domain\\permission.factory.ts","is_success":false,"level":"error","message":"Name must be at least 3 characters long","method":"POST","statusCode":400,"timestamp":"2023-08-12T22:47:04.184Z","url":"/permissions/add"}
{"file":"E:\\projects\\auth_app\\src\\modules\\permission\\infraestructure\\permission.infraestructure.ts","is_success":false,"level":"error","message":"Cannot save, given value must be an entity, instead \"null\" is given.","method":"PATCH","statusCode":500,"timestamp":"2023-08-12T22:47:16.889Z","url":"/permissions/disabled/82b958f0-a72b-473f-a9a8-dc07d8eadf38"}
{"file":"E:\\projects\\auth_app\\src\\modules\\permission\\domain\\permission.factory.ts","is_success":false,"level":"error","message":"Name must be at least 3 characters long","method":"POST","statusCode":400,"timestamp":"2023-08-13T02:17:49.051Z","url":"/permissions/add"}
{"file":"E:\\projects\\auth_app\\src\\modules\\permission\\domain\\permission.factory.ts","is_success":false,"level":"error","message":"Name must be at least 3 characters long","method":"POST","statusCode":400,"timestamp":"2023-08-13T03:44:43.976Z","url":"/permissions/add"}
{"file":"E:\\projects\\auth_app\\src\\modules\\permission\\domain\\permission.factory.ts","is_success":false,"level":"error","message":"Name must be at least 3 characters long","method":"POST","statusCode":400,"timestamp":"2023-08-13T03:58:40.288Z","url":"/permissions/add"}
{"file":"E:\\projects\\auth_app\\src\\modules\\permission\\domain\\permission.factory.ts","is_success":false,"level":"error","message":"Name must be at least 3 characters long","method":"POST","statusCode":400,"timestamp":"2023-08-13T04:35:36.842Z","url":"/permissions/add"}
{"file":"E:\\projects\\auth_app\\src\\modules\\permission\\domain\\permission.factory.ts","is_success":false,"level":"error","message":"Name must be at least 3 characters long","method":"POST","statusCode":400,"timestamp":"2023-08-13T05:08:13.574Z","url":"/permissions/add"}
{"file":"E:\\projects\\auth_app\\src\\modules\\permission\\domain\\permission.factory.ts","is_success":false,"level":"error","message":"Name must be at least 3 characters long","method":"POST","statusCode":400,"timestamp":"2023-08-13T05:08:15.836Z","url":"/permissions/add"}
{"file":"E:\\projects\\auth_app\\src\\modules\\permission\\domain\\permission.factory.ts","is_success":false,"level":"error","message":"The name must be at least 3 characters long: fs","method":"POST","statusCode":400,"timestamp":"2023-08-13T05:34:49.743Z","url":"/permissions/add"}
{"file":"E:\\projects\\auth_app\\src\\modules\\permission\\domain\\permission.factory.ts","is_success":false,"level":"error","message":"The atributte name: fs is not valid, the name must be greater than 3 characters","method":"POST","statusCode":400,"timestamp":"2023-08-13T05:35:41.703Z","url":"/permissions/add"}
{"file":"E:\\projects\\auth_app\\src\\modules\\permission\\domain\\permission.factory.ts","is_success":false,"level":"error","message":"The atributte name: /fs/ is not valid, the name must be greater than 3 characters","method":"POST","statusCode":400,"timestamp":"2023-08-13T05:35:54.791Z","url":"/permissions/add"}
